
Gurobi 11.0.2 (win64, Java) logging started Fri May 24 01:44:03 2024


Gurobi 11.0.2 (win64, Java) logging started Fri May 24 01:48:42 2024


Gurobi 11.0.2 (win64, Java) logging started Fri May 24 01:49:42 2024


Gurobi 11.0.2 (win64, Java) logging started Fri May 24 01:53:26 2024


Gurobi 10.0.3 (win64, Java) logging started Fri May 24 02:01:12 2024


Gurobi 10.0.3 (win64, Java) logging started Fri May 24 02:03:06 2024


Gurobi 10.0.3 (win64, Java) logging started Fri May 24 02:03:36 2024


Gurobi 10.0.3 (win64, Java) logging started Fri May 24 02:04:55 2024

Set parameter Username
Academic license - for non-commercial use only - expires 2025-05-23
Gurobi Optimizer version 10.0.3 build v10.0.3rc0 (win64)

CPU model: AMD Ryzen 5 3500U with Radeon Vega Mobile Gfx, instruction set [SSE2|AVX|AVX2]
Thread count: 4 physical cores, 8 logical processors, using up to 8 threads

Optimize a model with 37 rows, 48 columns and 108 nonzeros
Model fingerprint: 0xa74305ea
Variable types: 0 continuous, 48 integer (48 binary)
Coefficient statistics:
  Matrix range     [1e+00, 1e+00]
  Objective range  [0e+00, 0e+00]
  Bounds range     [1e+00, 1e+00]
  RHS range        [1e+00, 6e+00]
Found heuristic solution: objective 0.0000000

Explored 0 nodes (0 simplex iterations) in 0.00 seconds (0.00 work units)
Thread count was 1 (of 8 available processors)

Solution count 1: 0 

Optimal solution found (tolerance 1.00e-04)
Best objective 0.000000000000e+00, best bound 0.000000000000e+00, gap 0.0000%

Gurobi 10.0.3 (win64, Java) logging started Fri May 24 02:30:18 2024

Set parameter Username
Academic license - for non-commercial use only - expires 2025-05-23
Gurobi Optimizer version 10.0.3 build v10.0.3rc0 (win64)

CPU model: AMD Ryzen 5 3500U with Radeon Vega Mobile Gfx, instruction set [SSE2|AVX|AVX2]
Thread count: 4 physical cores, 8 logical processors, using up to 8 threads

Optimize a model with 36 rows, 48 columns and 90 nonzeros
Model fingerprint: 0x2c9c52a7
Variable types: 0 continuous, 48 integer (48 binary)
Coefficient statistics:
  Matrix range     [1e+00, 1e+00]
  Objective range  [0e+00, 0e+00]
  Bounds range     [1e+00, 1e+00]
  RHS range        [1e+00, 2e+00]
Found heuristic solution: objective 0.0000000

Explored 0 nodes (0 simplex iterations) in 0.00 seconds (0.00 work units)
Thread count was 1 (of 8 available processors)

Solution count 1: 0 

Optimal solution found (tolerance 1.00e-04)
Best objective 0.000000000000e+00, best bound 0.000000000000e+00, gap 0.0000%

Gurobi 10.0.3 (win64, Java) logging started Fri May 24 02:34:38 2024

Set parameter Username
Academic license - for non-commercial use only - expires 2025-05-23
Gurobi Optimizer version 10.0.3 build v10.0.3rc0 (win64)

CPU model: AMD Ryzen 5 3500U with Radeon Vega Mobile Gfx, instruction set [SSE2|AVX|AVX2]
Thread count: 4 physical cores, 8 logical processors, using up to 8 threads

Optimize a model with 36 rows, 48 columns and 90 nonzeros
Model fingerprint: 0x2c9c52a7
Variable types: 0 continuous, 48 integer (48 binary)
Coefficient statistics:
  Matrix range     [1e+00, 1e+00]
  Objective range  [0e+00, 0e+00]
  Bounds range     [1e+00, 1e+00]
  RHS range        [1e+00, 2e+00]
Found heuristic solution: objective 0.0000000

Explored 0 nodes (0 simplex iterations) in 0.00 seconds (0.00 work units)
Thread count was 1 (of 8 available processors)

Solution count 1: 0 

Optimal solution found (tolerance 1.00e-04)
Best objective 0.000000000000e+00, best bound 0.000000000000e+00, gap 0.0000%

Gurobi 10.0.3 (win64, Java) logging started Fri May 24 02:36:57 2024

Set parameter Username
Academic license - for non-commercial use only - expires 2025-05-23
Gurobi Optimizer version 10.0.3 build v10.0.3rc0 (win64)

CPU model: AMD Ryzen 5 3500U with Radeon Vega Mobile Gfx, instruction set [SSE2|AVX|AVX2]
Thread count: 4 physical cores, 8 logical processors, using up to 8 threads

Optimize a model with 76 rows, 48 columns and 156 nonzeros
Model fingerprint: 0xe59ca35e
Variable types: 0 continuous, 48 integer (48 binary)
Coefficient statistics:
  Matrix range     [1e+00, 1e+00]
  Objective range  [0e+00, 0e+00]
  Bounds range     [1e+00, 1e+00]
  RHS range        [1e+00, 2e+00]
Found heuristic solution: objective 0.0000000

Explored 0 nodes (0 simplex iterations) in 0.00 seconds (0.00 work units)
Thread count was 1 (of 8 available processors)

Solution count 1: 0 

Optimal solution found (tolerance 1.00e-04)
Best objective 0.000000000000e+00, best bound 0.000000000000e+00, gap 0.0000%

Gurobi 10.0.3 (win64, Java) logging started Fri May 24 02:37:46 2024

Set parameter Username
Academic license - for non-commercial use only - expires 2025-05-23
Gurobi Optimizer version 10.0.3 build v10.0.3rc0 (win64)

CPU model: AMD Ryzen 5 3500U with Radeon Vega Mobile Gfx, instruction set [SSE2|AVX|AVX2]
Thread count: 4 physical cores, 8 logical processors, using up to 8 threads

Optimize a model with 76 rows, 48 columns and 156 nonzeros
Model fingerprint: 0xe59ca35e
Variable types: 0 continuous, 48 integer (48 binary)
Coefficient statistics:
  Matrix range     [1e+00, 1e+00]
  Objective range  [0e+00, 0e+00]
  Bounds range     [1e+00, 1e+00]
  RHS range        [1e+00, 2e+00]
Found heuristic solution: objective 0.0000000

Explored 0 nodes (0 simplex iterations) in 0.00 seconds (0.00 work units)
Thread count was 1 (of 8 available processors)

Solution count 1: 0 

Optimal solution found (tolerance 1.00e-04)
Best objective 0.000000000000e+00, best bound 0.000000000000e+00, gap 0.0000%

Gurobi 10.0.3 (win64, Java) logging started Fri May 24 02:38:08 2024

Set parameter Username
Academic license - for non-commercial use only - expires 2025-05-23
Gurobi Optimizer version 10.0.3 build v10.0.3rc0 (win64)

CPU model: AMD Ryzen 5 3500U with Radeon Vega Mobile Gfx, instruction set [SSE2|AVX|AVX2]
Thread count: 4 physical cores, 8 logical processors, using up to 8 threads

Optimize a model with 76 rows, 48 columns and 156 nonzeros
Model fingerprint: 0xe59ca35e
Variable types: 0 continuous, 48 integer (48 binary)
Coefficient statistics:
  Matrix range     [1e+00, 1e+00]
  Objective range  [0e+00, 0e+00]
  Bounds range     [1e+00, 1e+00]
  RHS range        [1e+00, 2e+00]
Found heuristic solution: objective 0.0000000

Explored 0 nodes (0 simplex iterations) in 0.00 seconds (0.00 work units)
Thread count was 1 (of 8 available processors)

Solution count 1: 0 

Optimal solution found (tolerance 1.00e-04)
Best objective 0.000000000000e+00, best bound 0.000000000000e+00, gap 0.0000%

Gurobi 10.0.3 (win64, Java) logging started Fri May 24 02:41:56 2024

Set parameter Username
Academic license - for non-commercial use only - expires 2025-05-23
Gurobi Optimizer version 10.0.3 build v10.0.3rc0 (win64)

CPU model: AMD Ryzen 5 3500U with Radeon Vega Mobile Gfx, instruction set [SSE2|AVX|AVX2]
Thread count: 4 physical cores, 8 logical processors, using up to 8 threads

Optimize a model with 48 rows, 48 columns and 102 nonzeros
Model fingerprint: 0xf0f5022a
Variable types: 0 continuous, 48 integer (48 binary)
Coefficient statistics:
  Matrix range     [1e+00, 1e+00]
  Objective range  [0e+00, 0e+00]
  Bounds range     [1e+00, 1e+00]
  RHS range        [1e+00, 2e+00]
Found heuristic solution: objective 0.0000000

Explored 0 nodes (0 simplex iterations) in 0.00 seconds (0.00 work units)
Thread count was 1 (of 8 available processors)

Solution count 1: 0 

Optimal solution found (tolerance 1.00e-04)
Best objective 0.000000000000e+00, best bound 0.000000000000e+00, gap 0.0000%

Gurobi 10.0.3 (win64, Java) logging started Fri May 24 02:43:36 2024

Set parameter Username
Academic license - for non-commercial use only - expires 2025-05-23
Gurobi Optimizer version 10.0.3 build v10.0.3rc0 (win64)

CPU model: AMD Ryzen 5 3500U with Radeon Vega Mobile Gfx, instruction set [SSE2|AVX|AVX2]
Thread count: 4 physical cores, 8 logical processors, using up to 8 threads

Optimize a model with 48 rows, 48 columns and 102 nonzeros
Model fingerprint: 0xf0f5022a
Variable types: 0 continuous, 48 integer (48 binary)
Coefficient statistics:
  Matrix range     [1e+00, 1e+00]
  Objective range  [0e+00, 0e+00]
  Bounds range     [1e+00, 1e+00]
  RHS range        [1e+00, 2e+00]
Found heuristic solution: objective 0.0000000

Explored 0 nodes (0 simplex iterations) in 0.00 seconds (0.00 work units)
Thread count was 1 (of 8 available processors)

Solution count 1: 0 

Optimal solution found (tolerance 1.00e-04)
Best objective 0.000000000000e+00, best bound 0.000000000000e+00, gap 0.0000%

Gurobi 10.0.3 (win64, Java) logging started Fri May 24 02:43:41 2024

Set parameter Username
Academic license - for non-commercial use only - expires 2025-05-23
Gurobi Optimizer version 10.0.3 build v10.0.3rc0 (win64)

CPU model: AMD Ryzen 5 3500U with Radeon Vega Mobile Gfx, instruction set [SSE2|AVX|AVX2]
Thread count: 4 physical cores, 8 logical processors, using up to 8 threads

Optimize a model with 48 rows, 48 columns and 102 nonzeros
Model fingerprint: 0xf0f5022a
Variable types: 0 continuous, 48 integer (48 binary)
Coefficient statistics:
  Matrix range     [1e+00, 1e+00]
  Objective range  [0e+00, 0e+00]
  Bounds range     [1e+00, 1e+00]
  RHS range        [1e+00, 2e+00]
Found heuristic solution: objective 0.0000000

Explored 0 nodes (0 simplex iterations) in 0.00 seconds (0.00 work units)
Thread count was 1 (of 8 available processors)

Solution count 1: 0 

Optimal solution found (tolerance 1.00e-04)
Best objective 0.000000000000e+00, best bound 0.000000000000e+00, gap 0.0000%

Gurobi 10.0.3 (win64, Java) logging started Fri May 24 02:43:45 2024

Set parameter Username
Academic license - for non-commercial use only - expires 2025-05-23
Gurobi Optimizer version 10.0.3 build v10.0.3rc0 (win64)

CPU model: AMD Ryzen 5 3500U with Radeon Vega Mobile Gfx, instruction set [SSE2|AVX|AVX2]
Thread count: 4 physical cores, 8 logical processors, using up to 8 threads

Optimize a model with 48 rows, 48 columns and 102 nonzeros
Model fingerprint: 0xf0f5022a
Variable types: 0 continuous, 48 integer (48 binary)
Coefficient statistics:
  Matrix range     [1e+00, 1e+00]
  Objective range  [0e+00, 0e+00]
  Bounds range     [1e+00, 1e+00]
  RHS range        [1e+00, 2e+00]
Found heuristic solution: objective 0.0000000

Explored 0 nodes (0 simplex iterations) in 0.00 seconds (0.00 work units)
Thread count was 1 (of 8 available processors)

Solution count 1: 0 

Optimal solution found (tolerance 1.00e-04)
Best objective 0.000000000000e+00, best bound 0.000000000000e+00, gap 0.0000%

Gurobi 10.0.3 (win64, Java) logging started Fri May 24 02:43:48 2024

Set parameter Username
Academic license - for non-commercial use only - expires 2025-05-23
Gurobi Optimizer version 10.0.3 build v10.0.3rc0 (win64)

CPU model: AMD Ryzen 5 3500U with Radeon Vega Mobile Gfx, instruction set [SSE2|AVX|AVX2]
Thread count: 4 physical cores, 8 logical processors, using up to 8 threads

Optimize a model with 48 rows, 48 columns and 102 nonzeros
Model fingerprint: 0xf0f5022a
Variable types: 0 continuous, 48 integer (48 binary)
Coefficient statistics:
  Matrix range     [1e+00, 1e+00]
  Objective range  [0e+00, 0e+00]
  Bounds range     [1e+00, 1e+00]
  RHS range        [1e+00, 2e+00]
Found heuristic solution: objective 0.0000000

Explored 0 nodes (0 simplex iterations) in 0.00 seconds (0.00 work units)
Thread count was 1 (of 8 available processors)

Solution count 1: 0 

Optimal solution found (tolerance 1.00e-04)
Best objective 0.000000000000e+00, best bound 0.000000000000e+00, gap 0.0000%

Gurobi 10.0.3 (win64, Java) logging started Fri May 24 02:46:19 2024

Set parameter Username
Academic license - for non-commercial use only - expires 2025-05-23
Gurobi Optimizer version 10.0.3 build v10.0.3rc0 (win64)

CPU model: AMD Ryzen 5 3500U with Radeon Vega Mobile Gfx, instruction set [SSE2|AVX|AVX2]
Thread count: 4 physical cores, 8 logical processors, using up to 8 threads

Optimize a model with 48 rows, 48 columns and 102 nonzeros
Model fingerprint: 0xf0f5022a
Variable types: 0 continuous, 48 integer (48 binary)
Coefficient statistics:
  Matrix range     [1e+00, 1e+00]
  Objective range  [0e+00, 0e+00]
  Bounds range     [1e+00, 1e+00]
  RHS range        [1e+00, 2e+00]
Found heuristic solution: objective 0.0000000

Explored 0 nodes (0 simplex iterations) in 0.00 seconds (0.00 work units)
Thread count was 1 (of 8 available processors)

Solution count 1: 0 

Optimal solution found (tolerance 1.00e-04)
Best objective 0.000000000000e+00, best bound 0.000000000000e+00, gap 0.0000%

Gurobi 10.0.3 (win64, Java) logging started Fri May 24 02:47:18 2024

Set parameter Username
Academic license - for non-commercial use only - expires 2025-05-23
Gurobi Optimizer version 10.0.3 build v10.0.3rc0 (win64)

CPU model: AMD Ryzen 5 3500U with Radeon Vega Mobile Gfx, instruction set [SSE2|AVX|AVX2]
Thread count: 4 physical cores, 8 logical processors, using up to 8 threads

Optimize a model with 48 rows, 48 columns and 102 nonzeros
Model fingerprint: 0xf0f5022a
Variable types: 0 continuous, 48 integer (48 binary)
Coefficient statistics:
  Matrix range     [1e+00, 1e+00]
  Objective range  [0e+00, 0e+00]
  Bounds range     [1e+00, 1e+00]
  RHS range        [1e+00, 2e+00]
Found heuristic solution: objective 0.0000000

Explored 0 nodes (0 simplex iterations) in 0.00 seconds (0.00 work units)
Thread count was 1 (of 8 available processors)

Solution count 1: 0 

Optimal solution found (tolerance 1.00e-04)
Best objective 0.000000000000e+00, best bound 0.000000000000e+00, gap 0.0000%

Gurobi 10.0.3 (win64, Java) logging started Fri May 24 02:47:53 2024

Set parameter Username
Academic license - for non-commercial use only - expires 2025-05-23
Gurobi Optimizer version 10.0.3 build v10.0.3rc0 (win64)

CPU model: AMD Ryzen 5 3500U with Radeon Vega Mobile Gfx, instruction set [SSE2|AVX|AVX2]
Thread count: 4 physical cores, 8 logical processors, using up to 8 threads

Optimize a model with 240 rows, 300 columns and 705 nonzeros
Model fingerprint: 0x87375b3b
Variable types: 0 continuous, 300 integer (300 binary)
Coefficient statistics:
  Matrix range     [1e+00, 1e+00]
  Objective range  [0e+00, 0e+00]
  Bounds range     [1e+00, 1e+00]
  RHS range        [1e+00, 2e+00]
Presolve removed 165 rows and 165 columns
Presolve time: 0.01s
Presolved: 75 rows, 135 columns, 405 nonzeros
Variable types: 0 continuous, 135 integer (135 binary)

Root relaxation: infeasible, 63 iterations, 0.01 seconds (0.00 work units)

    Nodes    |    Current Node    |     Objective Bounds      |     Work
 Expl Unexpl |  Obj  Depth IntInf | Incumbent    BestBd   Gap | It/Node Time

     0     0 infeasible    0               - infeasible      -     -    0s

Explored 1 nodes (63 simplex iterations) in 0.05 seconds (0.00 work units)
Thread count was 8 (of 8 available processors)

Solution count 0

Model is infeasible
Best objective -, best bound -, gap -

Gurobi 10.0.3 (win64, Java) logging started Fri May 24 02:48:05 2024

Set parameter Username
Academic license - for non-commercial use only - expires 2025-05-23
Gurobi Optimizer version 10.0.3 build v10.0.3rc0 (win64)

CPU model: AMD Ryzen 5 3500U with Radeon Vega Mobile Gfx, instruction set [SSE2|AVX|AVX2]
Thread count: 4 physical cores, 8 logical processors, using up to 8 threads

Optimize a model with 240 rows, 300 columns and 705 nonzeros
Model fingerprint: 0x75eacb11
Variable types: 0 continuous, 300 integer (300 binary)
Coefficient statistics:
  Matrix range     [1e+00, 1e+00]
  Objective range  [0e+00, 0e+00]
  Bounds range     [1e+00, 1e+00]
  RHS range        [1e+00, 3e+00]
Presolve removed 165 rows and 165 columns
Presolve time: 0.00s
Presolved: 75 rows, 135 columns, 405 nonzeros
Variable types: 0 continuous, 135 integer (135 binary)
Found heuristic solution: objective 0.0000000

Explored 0 nodes (0 simplex iterations) in 0.01 seconds (0.00 work units)
Thread count was 8 (of 8 available processors)

Solution count 1: 0 

Optimal solution found (tolerance 1.00e-04)
Best objective 0.000000000000e+00, best bound 0.000000000000e+00, gap 0.0000%

Gurobi 10.0.3 (win64, Java) logging started Fri May 24 03:27:49 2024

Set parameter Username
Academic license - for non-commercial use only - expires 2025-05-23
Gurobi Optimizer version 10.0.3 build v10.0.3rc0 (win64)

CPU model: AMD Ryzen 5 3500U with Radeon Vega Mobile Gfx, instruction set [SSE2|AVX|AVX2]
Thread count: 4 physical cores, 8 logical processors, using up to 8 threads

Optimize a model with 240 rows, 300 columns and 705 nonzeros
Model fingerprint: 0x75eacb11
Variable types: 0 continuous, 300 integer (300 binary)
Coefficient statistics:
  Matrix range     [1e+00, 1e+00]
  Objective range  [0e+00, 0e+00]
  Bounds range     [1e+00, 1e+00]
  RHS range        [1e+00, 3e+00]
Presolve removed 165 rows and 165 columns
Presolve time: 0.01s
Presolved: 75 rows, 135 columns, 405 nonzeros
Variable types: 0 continuous, 135 integer (135 binary)
Found heuristic solution: objective 0.0000000

Explored 0 nodes (0 simplex iterations) in 0.03 seconds (0.00 work units)
Thread count was 8 (of 8 available processors)

Solution count 1: 0 

Optimal solution found (tolerance 1.00e-04)
Best objective 0.000000000000e+00, best bound 0.000000000000e+00, gap 0.0000%

Gurobi 10.0.3 (win64, Java) logging started Fri May 24 03:30:01 2024

Set parameter Username
Academic license - for non-commercial use only - expires 2025-05-23
Gurobi Optimizer version 10.0.3 build v10.0.3rc0 (win64)

CPU model: AMD Ryzen 5 3500U with Radeon Vega Mobile Gfx, instruction set [SSE2|AVX|AVX2]
Thread count: 4 physical cores, 8 logical processors, using up to 8 threads

Optimize a model with 240 rows, 300 columns and 705 nonzeros
Model fingerprint: 0x75eacb11
Variable types: 0 continuous, 300 integer (300 binary)
Coefficient statistics:
  Matrix range     [1e+00, 1e+00]
  Objective range  [0e+00, 0e+00]
  Bounds range     [1e+00, 1e+00]
  RHS range        [1e+00, 3e+00]
Presolve removed 165 rows and 165 columns
Presolve time: 0.00s
Presolved: 75 rows, 135 columns, 405 nonzeros
Variable types: 0 continuous, 135 integer (135 binary)
Found heuristic solution: objective 0.0000000

Explored 0 nodes (0 simplex iterations) in 0.00 seconds (0.00 work units)
Thread count was 8 (of 8 available processors)

Solution count 1: 0 

Optimal solution found (tolerance 1.00e-04)
Best objective 0.000000000000e+00, best bound 0.000000000000e+00, gap 0.0000%

Gurobi 10.0.3 (win64, Java) logging started Fri May 24 03:32:56 2024

Set parameter Username
Academic license - for non-commercial use only - expires 2025-05-23
Gurobi Optimizer version 10.0.3 build v10.0.3rc0 (win64)

CPU model: AMD Ryzen 5 3500U with Radeon Vega Mobile Gfx, instruction set [SSE2|AVX|AVX2]
Thread count: 4 physical cores, 8 logical processors, using up to 8 threads

Optimize a model with 240 rows, 300 columns and 705 nonzeros
Model fingerprint: 0x75eacb11
Variable types: 0 continuous, 300 integer (300 binary)
Coefficient statistics:
  Matrix range     [1e+00, 1e+00]
  Objective range  [0e+00, 0e+00]
  Bounds range     [1e+00, 1e+00]
  RHS range        [1e+00, 3e+00]
Presolve removed 165 rows and 165 columns
Presolve time: 0.00s
Presolved: 75 rows, 135 columns, 405 nonzeros
Variable types: 0 continuous, 135 integer (135 binary)
Found heuristic solution: objective 0.0000000

Explored 0 nodes (0 simplex iterations) in 0.00 seconds (0.00 work units)
Thread count was 8 (of 8 available processors)

Solution count 1: 0 

Optimal solution found (tolerance 1.00e-04)
Best objective 0.000000000000e+00, best bound 0.000000000000e+00, gap 0.0000%

Gurobi 10.0.3 (win64, Java) logging started Fri May 24 03:33:14 2024

Set parameter Username
Academic license - for non-commercial use only - expires 2025-05-23
Gurobi Optimizer version 10.0.3 build v10.0.3rc0 (win64)

CPU model: AMD Ryzen 5 3500U with Radeon Vega Mobile Gfx, instruction set [SSE2|AVX|AVX2]
Thread count: 4 physical cores, 8 logical processors, using up to 8 threads

Optimize a model with 34 rows, 32 columns and 68 nonzeros
Model fingerprint: 0xbd58af11
Variable types: 0 continuous, 32 integer (32 binary)
Coefficient statistics:
  Matrix range     [1e+00, 1e+00]
  Objective range  [0e+00, 0e+00]
  Bounds range     [1e+00, 1e+00]
  RHS range        [1e+00, 3e+00]
Found heuristic solution: objective 0.0000000

Explored 0 nodes (0 simplex iterations) in 0.01 seconds (0.00 work units)
Thread count was 1 (of 8 available processors)

Solution count 1: 0 

Optimal solution found (tolerance 1.00e-04)
Best objective 0.000000000000e+00, best bound 0.000000000000e+00, gap 0.0000%

Gurobi 10.0.3 (win64, Java) logging started Fri May 24 03:33:21 2024

Set parameter Username
Academic license - for non-commercial use only - expires 2025-05-23
Gurobi Optimizer version 10.0.3 build v10.0.3rc0 (win64)

CPU model: AMD Ryzen 5 3500U with Radeon Vega Mobile Gfx, instruction set [SSE2|AVX|AVX2]
Thread count: 4 physical cores, 8 logical processors, using up to 8 threads

Optimize a model with 48 rows, 48 columns and 102 nonzeros
Model fingerprint: 0xf0f5022a
Variable types: 0 continuous, 48 integer (48 binary)
Coefficient statistics:
  Matrix range     [1e+00, 1e+00]
  Objective range  [0e+00, 0e+00]
  Bounds range     [1e+00, 1e+00]
  RHS range        [1e+00, 2e+00]
Found heuristic solution: objective 0.0000000

Explored 0 nodes (0 simplex iterations) in 0.00 seconds (0.00 work units)
Thread count was 1 (of 8 available processors)

Solution count 1: 0 

Optimal solution found (tolerance 1.00e-04)
Best objective 0.000000000000e+00, best bound 0.000000000000e+00, gap 0.0000%

Gurobi 10.0.3 (win64, Java) logging started Fri May 24 03:34:52 2024

Set parameter Username
Academic license - for non-commercial use only - expires 2025-05-23
Gurobi Optimizer version 10.0.3 build v10.0.3rc0 (win64)

CPU model: AMD Ryzen 5 3500U with Radeon Vega Mobile Gfx, instruction set [SSE2|AVX|AVX2]
Thread count: 4 physical cores, 8 logical processors, using up to 8 threads

Optimize a model with 48 rows, 48 columns and 102 nonzeros
Model fingerprint: 0xf0f5022a
Variable types: 0 continuous, 48 integer (48 binary)
Coefficient statistics:
  Matrix range     [1e+00, 1e+00]
  Objective range  [0e+00, 0e+00]
  Bounds range     [1e+00, 1e+00]
  RHS range        [1e+00, 2e+00]
Found heuristic solution: objective 0.0000000

Explored 0 nodes (0 simplex iterations) in 0.00 seconds (0.00 work units)
Thread count was 1 (of 8 available processors)

Solution count 1: 0 

Optimal solution found (tolerance 1.00e-04)
Best objective 0.000000000000e+00, best bound 0.000000000000e+00, gap 0.0000%

Gurobi 10.0.3 (win64, Java) logging started Fri May 24 03:48:06 2024

Set parameter Username
Academic license - for non-commercial use only - expires 2025-05-23
Gurobi Optimizer version 10.0.3 build v10.0.3rc0 (win64)

CPU model: AMD Ryzen 5 3500U with Radeon Vega Mobile Gfx, instruction set [SSE2|AVX|AVX2]
Thread count: 4 physical cores, 8 logical processors, using up to 8 threads

Optimize a model with 48 rows, 48 columns and 102 nonzeros
Model fingerprint: 0xf0f5022a
Variable types: 0 continuous, 48 integer (48 binary)
Coefficient statistics:
  Matrix range     [1e+00, 1e+00]
  Objective range  [0e+00, 0e+00]
  Bounds range     [1e+00, 1e+00]
  RHS range        [1e+00, 2e+00]
Found heuristic solution: objective 0.0000000

Explored 0 nodes (0 simplex iterations) in 0.00 seconds (0.00 work units)
Thread count was 1 (of 8 available processors)

Solution count 1: 0 

Optimal solution found (tolerance 1.00e-04)
Best objective 0.000000000000e+00, best bound 0.000000000000e+00, gap 0.0000%

Gurobi 10.0.3 (win64, Java) logging started Fri May 24 03:51:55 2024

Set parameter Username
Academic license - for non-commercial use only - expires 2025-05-23
Gurobi Optimizer version 10.0.3 build v10.0.3rc0 (win64)

CPU model: AMD Ryzen 5 3500U with Radeon Vega Mobile Gfx, instruction set [SSE2|AVX|AVX2]
Thread count: 4 physical cores, 8 logical processors, using up to 8 threads

Optimize a model with 48 rows, 48 columns and 102 nonzeros
Model fingerprint: 0xf0f5022a
Variable types: 0 continuous, 48 integer (48 binary)
Coefficient statistics:
  Matrix range     [1e+00, 1e+00]
  Objective range  [0e+00, 0e+00]
  Bounds range     [1e+00, 1e+00]
  RHS range        [1e+00, 2e+00]
Found heuristic solution: objective 0.0000000

Explored 0 nodes (0 simplex iterations) in 0.00 seconds (0.00 work units)
Thread count was 1 (of 8 available processors)

Solution count 1: 0 

Optimal solution found (tolerance 1.00e-04)
Best objective 0.000000000000e+00, best bound 0.000000000000e+00, gap 0.0000%

Gurobi 10.0.3 (win64, Java) logging started Fri May 24 03:52:19 2024

Set parameter Username
Academic license - for non-commercial use only - expires 2025-05-23
Gurobi Optimizer version 10.0.3 build v10.0.3rc0 (win64)

CPU model: AMD Ryzen 5 3500U with Radeon Vega Mobile Gfx, instruction set [SSE2|AVX|AVX2]
Thread count: 4 physical cores, 8 logical processors, using up to 8 threads

Optimize a model with 48 rows, 48 columns and 102 nonzeros
Model fingerprint: 0xf0f5022a
Variable types: 0 continuous, 48 integer (48 binary)
Coefficient statistics:
  Matrix range     [1e+00, 1e+00]
  Objective range  [0e+00, 0e+00]
  Bounds range     [1e+00, 1e+00]
  RHS range        [1e+00, 2e+00]
Found heuristic solution: objective 0.0000000

Explored 0 nodes (0 simplex iterations) in 0.00 seconds (0.00 work units)
Thread count was 1 (of 8 available processors)

Solution count 1: 0 

Optimal solution found (tolerance 1.00e-04)
Best objective 0.000000000000e+00, best bound 0.000000000000e+00, gap 0.0000%

Gurobi 10.0.3 (win64, Java) logging started Fri May 24 03:52:53 2024

Set parameter Username
Academic license - for non-commercial use only - expires 2025-05-23
Gurobi Optimizer version 10.0.3 build v10.0.3rc0 (win64)

CPU model: AMD Ryzen 5 3500U with Radeon Vega Mobile Gfx, instruction set [SSE2|AVX|AVX2]
Thread count: 4 physical cores, 8 logical processors, using up to 8 threads

Optimize a model with 48 rows, 48 columns and 102 nonzeros
Model fingerprint: 0xf0f5022a
Variable types: 0 continuous, 48 integer (48 binary)
Coefficient statistics:
  Matrix range     [1e+00, 1e+00]
  Objective range  [0e+00, 0e+00]
  Bounds range     [1e+00, 1e+00]
  RHS range        [1e+00, 2e+00]
Found heuristic solution: objective 0.0000000

Explored 0 nodes (0 simplex iterations) in 0.00 seconds (0.00 work units)
Thread count was 1 (of 8 available processors)

Solution count 1: 0 

Optimal solution found (tolerance 1.00e-04)
Best objective 0.000000000000e+00, best bound 0.000000000000e+00, gap 0.0000%

Gurobi 10.0.3 (win64, Java) logging started Fri May 24 03:55:40 2024

Set parameter Username
Academic license - for non-commercial use only - expires 2025-05-23

Gurobi 10.0.3 (win64, Java) logging started Fri May 24 03:56:54 2024

Set parameter Username
Academic license - for non-commercial use only - expires 2025-05-23
Gurobi Optimizer version 10.0.3 build v10.0.3rc0 (win64)

CPU model: AMD Ryzen 5 3500U with Radeon Vega Mobile Gfx, instruction set [SSE2|AVX|AVX2]
Thread count: 4 physical cores, 8 logical processors, using up to 8 threads

Optimize a model with 48 rows, 48 columns and 102 nonzeros
Model fingerprint: 0xf0f5022a
Variable types: 0 continuous, 48 integer (48 binary)
Coefficient statistics:
  Matrix range     [1e+00, 1e+00]
  Objective range  [0e+00, 0e+00]
  Bounds range     [1e+00, 1e+00]
  RHS range        [1e+00, 2e+00]
Found heuristic solution: objective 0.0000000

Explored 0 nodes (0 simplex iterations) in 0.00 seconds (0.00 work units)
Thread count was 1 (of 8 available processors)

Solution count 1: 0 

Optimal solution found (tolerance 1.00e-04)
Best objective 0.000000000000e+00, best bound 0.000000000000e+00, gap 0.0000%

Gurobi 10.0.3 (win64, Java) logging started Fri May 24 03:57:53 2024

Set parameter Username
Academic license - for non-commercial use only - expires 2025-05-23
Gurobi Optimizer version 10.0.3 build v10.0.3rc0 (win64)

CPU model: AMD Ryzen 5 3500U with Radeon Vega Mobile Gfx, instruction set [SSE2|AVX|AVX2]
Thread count: 4 physical cores, 8 logical processors, using up to 8 threads

Optimize a model with 48 rows, 48 columns and 102 nonzeros
Model fingerprint: 0xf0f5022a
Variable types: 0 continuous, 48 integer (48 binary)
Coefficient statistics:
  Matrix range     [1e+00, 1e+00]
  Objective range  [0e+00, 0e+00]
  Bounds range     [1e+00, 1e+00]
  RHS range        [1e+00, 2e+00]
Found heuristic solution: objective 0.0000000

Explored 0 nodes (0 simplex iterations) in 0.00 seconds (0.00 work units)
Thread count was 1 (of 8 available processors)

Solution count 1: 0 

Optimal solution found (tolerance 1.00e-04)
Best objective 0.000000000000e+00, best bound 0.000000000000e+00, gap 0.0000%

Gurobi 10.0.3 (win64, Java) logging started Fri May 24 04:12:09 2024

Set parameter Username
Academic license - for non-commercial use only - expires 2025-05-23
Gurobi Optimizer version 10.0.3 build v10.0.3rc0 (win64)

CPU model: AMD Ryzen 5 3500U with Radeon Vega Mobile Gfx, instruction set [SSE2|AVX|AVX2]
Thread count: 4 physical cores, 8 logical processors, using up to 8 threads

Optimize a model with 240 rows, 300 columns and 705 nonzeros
Model fingerprint: 0x75eacb11
Variable types: 0 continuous, 300 integer (300 binary)
Coefficient statistics:
  Matrix range     [1e+00, 1e+00]
  Objective range  [0e+00, 0e+00]
  Bounds range     [1e+00, 1e+00]
  RHS range        [1e+00, 3e+00]
Presolve removed 165 rows and 165 columns
Presolve time: 0.01s
Presolved: 75 rows, 135 columns, 405 nonzeros
Variable types: 0 continuous, 135 integer (135 binary)
Found heuristic solution: objective 0.0000000

Explored 0 nodes (0 simplex iterations) in 0.03 seconds (0.00 work units)
Thread count was 8 (of 8 available processors)

Solution count 1: 0 

Optimal solution found (tolerance 1.00e-04)
Best objective 0.000000000000e+00, best bound 0.000000000000e+00, gap 0.0000%
